#
# There is insufficient memory for the Java Runtime Environment to continue.
# Native memory allocation (malloc) failed to allocate 32756 bytes for ChunkPool::allocate
# Possible reasons:
#   The system is out of physical RAM or swap space
#   In 32 bit mode, the process size limit was hit
# Possible solutions:
#   Reduce memory load on the system
#   Increase physical memory or swap space
#   Check if swap backing store is full
#   Use 64 bit Java on a 64 bit OS
#   Decrease Java heap size (-Xmx/-Xms)
#   Decrease number of Java threads
#   Decrease Java thread stack sizes (-Xss)
#   Set larger code cache with -XX:ReservedCodeCacheSize=
# This output file may be truncated or incomplete.
#
#  Out of Memory Error (allocation.cpp:211), pid=13928, tid=10340
#
# JRE version: 6.0_37-b06
# Java VM: Java HotSpot(TM) Client VM (20.12-b01 mixed mode windows-x86 )

---------------  T H R E A D  ---------------

Current thread (0x02532c00):  JavaThread "C1 CompilerThread0" daemon [_thread_in_native, id=10340, stack(0x19000000,0x19100000)]

Stack: [0x19000000,0x19100000],  sp=0x190ff624,  free space=1021k
Native frames: (J=compiled Java code, j=interpreted, Vv=VM code, C=native code)

[error occurred during error reporting (printing native stack), id 0xc0000005]


Current CompileTask:
C1:  43026 1290  !   org.mozilla.javascript.Interpreter.interpretLoop(Lorg/mozilla/javascript/Context;Lorg/mozilla/javascript/Interpreter$CallFrame;Ljava/lang/Object;)Ljava/lang/Object; (6314 bytes)


---------------  P R O C E S S  ---------------

Java Threads: ( => current thread )
  0x02543c00 JavaThread "Low Memory Detector" daemon [_thread_blocked, id=3980, stack(0x19140000,0x19240000)]
=>0x02532c00 JavaThread "C1 CompilerThread0" daemon [_thread_in_native, id=10340, stack(0x19000000,0x19100000)]
  0x02531c00 JavaThread "Attach Listener" daemon [_thread_blocked, id=14364, stack(0x18ec0000,0x18fc0000)]
  0x0252f800 JavaThread "Signal Dispatcher" daemon [_thread_blocked, id=15264, stack(0x18d80000,0x18e80000)]
  0x024ee400 JavaThread "Finalizer" daemon [_thread_blocked, id=12672, stack(0x18c40000,0x18d40000)]
  0x024ed000 JavaThread "Reference Handler" daemon [_thread_blocked, id=15248, stack(0x18b00000,0x18c00000)]
  0x02452400 JavaThread "main" [_thread_in_native, id=11428, stack(0x000a0000,0x001a0000)]

Other Threads:
  0x024e2400 VMThread [stack: 0x189c0000,0x18ac0000] [id=11704]
  0x19250c00 WatcherThread [stack: 0x19480000,0x19580000] [id=8688]

VM state:not at safepoint (normal execution)

VM Mutex/Monitor currently owned by a thread: None

Heap
 def new generation   total 22080K, used 13532K [0x048d0000, 0x060c0000, 0x09e20000)
  eden space 19648K,  60% used [0x048d0000, 0x0547ad70, 0x05c00000)
  from space 2432K,  65% used [0x05e60000, 0x05fec648, 0x060c0000)
  to   space 2432K,   0% used [0x05c00000, 0x05c00000, 0x05e60000)
 tenured generation   total 48976K, used 41997K [0x09e20000, 0x0cdf4000, 0x148d0000)
   the space 48976K,  85% used [0x09e20000, 0x0c7234f0, 0x0c723600, 0x0cdf4000)
 compacting perm gen  total 12288K, used 12192K [0x148d0000, 0x154d0000, 0x188d0000)
   the space 12288K,  99% used [0x148d0000, 0x154b82f0, 0x154b8400, 0x154d0000)
No shared spaces configured.

Code Cache  [0x028d0000, 0x02c18000, 0x048d0000)
 total_blobs=1448 nmethods=1300 adapters=83 free_code_cache=30129280 largest_free_block=320

Dynamic libraries:
0x00400000 - 0x0040b000 	C:\ti\xdctools_3_25_03_72\xs.exe
0x778f0000 - 0x77a94000 	C:\WINDOWS\SYSTEM32\ntdll.dll
0x76000000 - 0x760f0000 	C:\WINDOWS\System32\KERNEL32.DLL
0x75790000 - 0x759ca000 	C:\WINDOWS\System32\KERNELBASE.dll
0x73930000 - 0x739cf000 	C:\WINDOWS\SYSTEM32\apphelp.dll
0x736a0000 - 0x73925000 	C:\WINDOWS\SYSTEM32\AcLayers.DLL
0x77120000 - 0x771df000 	C:\WINDOWS\System32\msvcrt.dll
0x75e00000 - 0x75f9c000 	C:\WINDOWS\System32\USER32.dll
0x77370000 - 0x77388000 	C:\WINDOWS\System32\win32u.dll
0x760f0000 - 0x76114000 	C:\WINDOWS\System32\GDI32.dll
0x75b30000 - 0x75c18000 	C:\WINDOWS\System32\gdi32full.dll
0x77390000 - 0x7740b000 	C:\WINDOWS\System32\msvcp_win.dll
0x76f70000 - 0x77090000 	C:\WINDOWS\System32\ucrtbase.dll
0x764f0000 - 0x76aa7000 	C:\WINDOWS\System32\SHELL32.dll
0x762c0000 - 0x76305000 	C:\WINDOWS\System32\SHLWAPI.dll
0x771e0000 - 0x77276000 	C:\WINDOWS\System32\OLEAUT32.dll
0x774f0000 - 0x77770000 	C:\WINDOWS\System32\combase.dll
0x75a70000 - 0x75b2f000 	C:\WINDOWS\System32\RPCRT4.dll
0x76b30000 - 0x76f68000 	C:\WINDOWS\System32\SETUPAPI.dll
0x77330000 - 0x7736b000 	C:\WINDOWS\System32\cfgmgr32.dll
0x75de0000 - 0x75df9000 	C:\WINDOWS\System32\bcrypt.dll
0x73680000 - 0x73699000 	C:\WINDOWS\SYSTEM32\MPR.dll
0x66680000 - 0x66683000 	C:\WINDOWS\SYSTEM32\sfc.dll
0x73600000 - 0x7367d000 	C:\WINDOWS\SYSTEM32\WINSPOOL.DRV
0x75c20000 - 0x75ca7000 	C:\WINDOWS\System32\shcore.dll
0x735f0000 - 0x73600000 	C:\WINDOWS\SYSTEM32\sfc_os.DLL
0x735e0000 - 0x735ef000 	C:\WINDOWS\SYSTEM32\SortWindows61.dll
0x76210000 - 0x76235000 	C:\WINDOWS\System32\IMM32.DLL
0x6d8c0000 - 0x6db70000 	C:\ti\xdctools_3_25_03_72\jre\bin\client\jvm.dll
0x770a0000 - 0x7711c000 	C:\WINDOWS\System32\ADVAPI32.dll
0x76240000 - 0x762b6000 	C:\WINDOWS\System32\sechost.dll
0x7c360000 - 0x7c3b6000 	C:\WINDOWS\SYSTEM32\MSVCR71.dll
0x730c0000 - 0x730e8000 	C:\WINDOWS\SYSTEM32\WINMM.dll
0x6d870000 - 0x6d87c000 	C:\ti\xdctools_3_25_03_72\jre\bin\verify.dll
0x6d3d0000 - 0x6d3ef000 	C:\ti\xdctools_3_25_03_72\jre\bin\java.dll
0x6d8b0000 - 0x6d8bf000 	C:\ti\xdctools_3_25_03_72\jre\bin\zip.dll
0x02550000 - 0x0256e000 	C:\ti\xdctools_3_25_03_72\packages\xdc\services\io\release\Dos.dll
0x749b0000 - 0x74a3d000 	C:\WINDOWS\WinSxS\x86_microsoft.windows.common-controls_6595b64144ccf1df_5.82.19041.3636_none_c0df324c38bbc0ce\COMCTL32.dll
0x6d6b0000 - 0x6d6c3000 	C:\ti\xdctools_3_25_03_72\jre\bin\net.dll
0x75d70000 - 0x75dd3000 	C:\WINDOWS\System32\WS2_32.dll
0x73e30000 - 0x73e82000 	C:\WINDOWS\system32\mswsock.dll
0x6d6d0000 - 0x6d6d9000 	C:\ti\xdctools_3_25_03_72\jre\bin\nio.dll
0x77090000 - 0x77096000 	C:\WINDOWS\System32\PSAPI.DLL

VM Arguments:
jvm_args: -Xverify:none -Dxdc.path=C:/ti/grace_2_20_01_12/packages;C:/ti/ccsv5/ccs_base/msp430/msp430ware_1_40_01_44/packages;C:/ti/ccsv5/ccs_base;C:/ti/xdctools_3_25_03_72/packages;.. -Dxdc.root=C:/ti/xdctools_3_25_03_72 -Dxdc.hostOS=Windows -Dconfig.importPath=.;C:/ti/grace_2_20_01_12/packages;C:/ti/ccsv5/ccs_base/msp430/msp430ware_1_40_01_44/packages;C:/ti/ccsv5/ccs_base;C:/ti/xdctools_3_25_03_72/packages;..;C:/ti/xdctools_3_25_03_72;C:/ti/xdctools_3_25_03_72/etc -Dxdc.bld.targets= -DTOOLS= -Dxdc.cfg.tsort.policy=fast -Dxdc.cfg.gen.metadataFiles=false -Dxdc.cfg.SourceDir.verbose=7 -Dconfig.rootDir=C:\ti\xdctools_3_25_03_72 -DXDCPATH=C:/ti/grace_2_20_01_12/packages;C:/ti/ccsv5/ccs_base/msp430/msp430ware_1_40_01_44/packages;C:/ti/ccsv5/ccs_base -Dconfig.gopts= vfprintf exit abort 
java_command: <unknown>
Launcher Type: generic

Environment Variables:
CLASSPATH=C:/ti/xdctools_3_25_03_72/packages/xdc/shelf/java/antlr.jar;C:/ti/xdctools_3_25_03_72/packages/xdc/shelf/java/js.jar
PATH=C:\ti\ccsv5\ccs_base\common\bin;C:\ti\ccsv5\ccs_base\common\uscif;C:\ti\ccsv5\ccs_base\DebugServer\license;C:/ti/ccsv5/eclipse/jre/bin/client;C:/ti/ccsv5/eclipse/jre/bin;C:/ti/ccsv5/eclipse/jre/lib/i386;C:\ProgramData\Oracle\Java\javapath;C:\Program Files (x86)\Falcon\MinGW\bin;C:\WINDOWS\system32;C:\WINDOWS;C:\WINDOWS\System32\Wbem;C:\WINDOWS\System32\WindowsPowerShell\v1.0\;C:\WINDOWS\System32\OpenSSH\;C:\Program Files\dotnet\;C:\Program Files (x86)\Microchip\MPLAB C32 Suite\bin;C:\PROGRA~2\PICC;C:\Users\DISLAYBSON KELS\AppData\Local\Microsoft\WindowsApps;C:\Users\DISLAYBSON KELS\AppData\Local\Programs\Microsoft VS Code\bin;C:\ti\ccsv5\eclipse;C:/ti/xdctools_3_25_03_72\bin
USERNAME=dislaybson
OS=Windows_NT
PROCESSOR_IDENTIFIER=Intel64 Family 6 Model 61 Stepping 4, GenuineIntel



---------------  S Y S T E M  ---------------

OS: Windows 7 , 64 bit Build 7600 

CPU:total 2 (2 cores per cpu, 1 threads per core) family 6 model 61 stepping 4, cmov, cx8, fxsr, mmx, sse, sse2, sse3, ssse3, sse4.1, sse4.2, popcnt

Memory: 4k page, physical 4087200k(226616k free), swap 4087200k(4180k free)

vm_info: Java HotSpot(TM) Client VM (20.12-b01) for windows-x86 JRE (1.6.0_37-b06), built on Sep 24 2012 12:44:35 by "java_re" with MS VC++ 7.1 (VS2003)

time: Sat Feb 03 16:35:23 2024
elapsed time: 43 seconds

